{"/Users/kyibell/Desktop/School/jwks-server/db.js": {"path":"/Users/kyibell/Desktop/School/jwks-server/db.js","statementMap":{"0":{"start":{"line":2,"column":0},"end":{"line":2,"column":18}},"1":{"start":{"line":4,"column":11},"end":{"line":11,"column":2}},"2":{"start":{"line":6,"column":2},"end":{"line":10,"column":3}},"3":{"start":{"line":7,"column":4},"end":{"line":7,"column":62}},"4":{"start":{"line":9,"column":4},"end":{"line":9,"column":38}},"5":{"start":{"line":13,"column":0},"end":{"line":13,"column":37}},"6":{"start":{"line":15,"column":0},"end":{"line":41,"column":3}},"7":{"start":{"line":17,"column":2},"end":{"line":21,"column":8}},"8":{"start":{"line":24,"column":2},"end":{"line":31,"column":8}},"9":{"start":{"line":34,"column":2},"end":{"line":40,"column":8}}},"fnMap":{"0":{"name":"(anonymous_0)","decl":{"start":{"line":4,"column":67},"end":{"line":4,"column":68}},"loc":{"start":{"line":4,"column":76},"end":{"line":11,"column":1}},"line":4},"1":{"name":"(anonymous_1)","decl":{"start":{"line":15,"column":13},"end":{"line":15,"column":14}},"loc":{"start":{"line":15,"column":19},"end":{"line":41,"column":1}},"line":15}},"branchMap":{"0":{"loc":{"start":{"line":6,"column":2},"end":{"line":10,"column":3}},"type":"if","locations":[{"start":{"line":6,"column":2},"end":{"line":10,"column":3}},{"start":{"line":8,"column":9},"end":{"line":10,"column":3}}],"line":6}},"s":{"0":1,"1":1,"2":1,"3":0,"4":1,"5":1,"6":1,"7":1,"8":1,"9":1},"f":{"0":1,"1":1},"b":{"0":[0,1]},"_coverageSchema":"1a1c01bbd47fc00a2c39e90264f33305004495a9","hash":"1e203f0fc7e0d74ed273922a53d58204b5c7e0cb"}
,"/Users/kyibell/Desktop/School/jwks-server/encryption.js": {"path":"/Users/kyibell/Desktop/School/jwks-server/encryption.js","statementMap":{"0":{"start":{"line":5,"column":0},"end":{"line":5,"column":16}},"1":{"start":{"line":7,"column":12},"end":{"line":7,"column":53}},"2":{"start":{"line":9,"column":18},"end":{"line":9,"column":31}},"3":{"start":{"line":11,"column":11},"end":{"line":11,"column":42}},"4":{"start":{"line":14,"column":15},"end":{"line":14,"column":30}},"5":{"start":{"line":16,"column":19},"end":{"line":16,"column":53}},"6":{"start":{"line":17,"column":20},"end":{"line":17,"column":54}},"7":{"start":{"line":18,"column":4},"end":{"line":18,"column":37}},"8":{"start":{"line":20,"column":19},"end":{"line":20,"column":55}},"9":{"start":{"line":21,"column":4},"end":{"line":21,"column":18}},"10":{"start":{"line":26,"column":35},"end":{"line":26,"column":58}},"11":{"start":{"line":27,"column":15},"end":{"line":27,"column":40}},"12":{"start":{"line":29,"column":21},"end":{"line":29,"column":57}},"13":{"start":{"line":31,"column":20},"end":{"line":31,"column":64}},"14":{"start":{"line":32,"column":4},"end":{"line":32,"column":40}},"15":{"start":{"line":33,"column":4},"end":{"line":33,"column":21}}},"fnMap":{"0":{"name":"encrypt","decl":{"start":{"line":13,"column":16},"end":{"line":13,"column":23}},"loc":{"start":{"line":13,"column":29},"end":{"line":23,"column":1}},"line":13},"1":{"name":"decrypt","decl":{"start":{"line":25,"column":16},"end":{"line":25,"column":23}},"loc":{"start":{"line":25,"column":38},"end":{"line":34,"column":1}},"line":25}},"branchMap":{},"s":{"0":1,"1":1,"2":1,"3":1,"4":2,"5":2,"6":2,"7":2,"8":2,"9":2,"10":3,"11":3,"12":3,"13":3,"14":3,"15":3},"f":{"0":2,"1":3},"b":{},"_coverageSchema":"1a1c01bbd47fc00a2c39e90264f33305004495a9","hash":"05f14ea04d11efcaa62e95f6deb5dad1433244c6"}
,"/Users/kyibell/Desktop/School/jwks-server/server.js": {"path":"/Users/kyibell/Desktop/School/jwks-server/server.js","statementMap":{"0":{"start":{"line":10,"column":12},"end":{"line":10,"column":21}},"1":{"start":{"line":11,"column":13},"end":{"line":11,"column":17}},"2":{"start":{"line":12,"column":0},"end":{"line":12,"column":24}},"3":{"start":{"line":13,"column":0},"end":{"line":13,"column":26}},"4":{"start":{"line":17,"column":25},"end":{"line":27,"column":4}},"5":{"start":{"line":29,"column":29},"end":{"line":29,"column":48}},"6":{"start":{"line":30,"column":20},"end":{"line":30,"column":59}},"7":{"start":{"line":32,"column":14},"end":{"line":32,"column":54}},"8":{"start":{"line":34,"column":2},"end":{"line":39,"column":5}},"9":{"start":{"line":35,"column":4},"end":{"line":38,"column":5}},"10":{"start":{"line":36,"column":6},"end":{"line":36,"column":35}},"11":{"start":{"line":37,"column":6},"end":{"line":37,"column":13}},"12":{"start":{"line":44,"column":25},"end":{"line":54,"column":4}},"13":{"start":{"line":56,"column":30},"end":{"line":56,"column":49}},"14":{"start":{"line":58,"column":20},"end":{"line":58,"column":59}},"15":{"start":{"line":59,"column":14},"end":{"line":59,"column":55}},"16":{"start":{"line":61,"column":2},"end":{"line":67,"column":5}},"17":{"start":{"line":63,"column":4},"end":{"line":66,"column":5}},"18":{"start":{"line":65,"column":6},"end":{"line":65,"column":35}},"19":{"start":{"line":71,"column":14},"end":{"line":71,"column":48}},"20":{"start":{"line":72,"column":22},"end":{"line":72,"column":39}},"21":{"start":{"line":73,"column":2},"end":{"line":81,"column":5}},"22":{"start":{"line":74,"column":4},"end":{"line":80,"column":7}},"23":{"start":{"line":75,"column":6},"end":{"line":78,"column":7}},"24":{"start":{"line":76,"column":8},"end":{"line":76,"column":22}},"25":{"start":{"line":77,"column":8},"end":{"line":77,"column":15}},"26":{"start":{"line":79,"column":6},"end":{"line":79,"column":19}},"27":{"start":{"line":85,"column":14},"end":{"line":85,"column":48}},"28":{"start":{"line":86,"column":22},"end":{"line":86,"column":39}},"29":{"start":{"line":87,"column":2},"end":{"line":95,"column":5}},"30":{"start":{"line":88,"column":4},"end":{"line":94,"column":7}},"31":{"start":{"line":89,"column":6},"end":{"line":92,"column":7}},"32":{"start":{"line":90,"column":8},"end":{"line":90,"column":22}},"33":{"start":{"line":91,"column":8},"end":{"line":91,"column":15}},"34":{"start":{"line":93,"column":6},"end":{"line":93,"column":19}},"35":{"start":{"line":99,"column":2},"end":{"line":111,"column":5}},"36":{"start":{"line":100,"column":4},"end":{"line":110,"column":7}},"37":{"start":{"line":101,"column":6},"end":{"line":104,"column":7}},"38":{"start":{"line":102,"column":8},"end":{"line":102,"column":21}},"39":{"start":{"line":103,"column":8},"end":{"line":103,"column":15}},"40":{"start":{"line":105,"column":6},"end":{"line":109,"column":7}},"41":{"start":{"line":106,"column":8},"end":{"line":106,"column":22}},"42":{"start":{"line":108,"column":8},"end":{"line":108,"column":23}},"43":{"start":{"line":114,"column":0},"end":{"line":138,"column":3}},"44":{"start":{"line":116,"column":14},"end":{"line":116,"column":48}},"45":{"start":{"line":117,"column":22},"end":{"line":117,"column":39}},"46":{"start":{"line":118,"column":2},"end":{"line":137,"column":5}},"47":{"start":{"line":119,"column":4},"end":{"line":121,"column":5}},"48":{"start":{"line":120,"column":6},"end":{"line":120,"column":35}},"49":{"start":{"line":122,"column":17},"end":{"line":134,"column":6}},"50":{"start":{"line":123,"column":25},"end":{"line":123,"column":41}},"51":{"start":{"line":124,"column":24},"end":{"line":124,"column":58}},"52":{"start":{"line":125,"column":18},"end":{"line":125,"column":53}},"53":{"start":{"line":127,"column":6},"end":{"line":133,"column":8}},"54":{"start":{"line":136,"column":4},"end":{"line":136,"column":48}},"55":{"start":{"line":140,"column":0},"end":{"line":209,"column":3}},"56":{"start":{"line":142,"column":13},"end":{"line":142,"column":19}},"57":{"start":{"line":143,"column":20},"end":{"line":143,"column":37}},"58":{"start":{"line":144,"column":18},"end":{"line":144,"column":43}},"59":{"start":{"line":145,"column":28},"end":{"line":145,"column":38}},"60":{"start":{"line":146,"column":20},"end":{"line":146,"column":51}},"61":{"start":{"line":148,"column":2},"end":{"line":150,"column":3}},"62":{"start":{"line":149,"column":4},"end":{"line":149,"column":63}},"63":{"start":{"line":152,"column":14},"end":{"line":152,"column":94}},"64":{"start":{"line":155,"column":2},"end":{"line":159,"column":5}},"65":{"start":{"line":156,"column":5},"end":{"line":158,"column":3}},"66":{"start":{"line":157,"column":5},"end":{"line":157,"column":34}},"67":{"start":{"line":161,"column":16},"end":{"line":161,"column":44}},"68":{"start":{"line":163,"column":14},"end":{"line":163,"column":68}},"69":{"start":{"line":165,"column":2},"end":{"line":167,"column":3}},"70":{"start":{"line":166,"column":4},"end":{"line":166,"column":63}},"71":{"start":{"line":168,"column":21},"end":{"line":168,"column":37}},"72":{"start":{"line":169,"column":26},"end":{"line":172,"column":4}},"73":{"start":{"line":174,"column":20},"end":{"line":174,"column":75}},"74":{"start":{"line":175,"column":19},"end":{"line":175,"column":60}},"75":{"start":{"line":176,"column":14},"end":{"line":184,"column":3}},"76":{"start":{"line":186,"column":18},"end":{"line":192,"column":3}},"77":{"start":{"line":194,"column":20},"end":{"line":201,"column":4}},"78":{"start":{"line":205,"column":2},"end":{"line":208,"column":5}},"79":{"start":{"line":211,"column":0},"end":{"line":232,"column":3}},"80":{"start":{"line":212,"column":30},"end":{"line":212,"column":38}},"81":{"start":{"line":216,"column":19},"end":{"line":216,"column":27}},"82":{"start":{"line":217,"column":15},"end":{"line":217,"column":42}},"83":{"start":{"line":218,"column":20},"end":{"line":218,"column":30}},"84":{"start":{"line":219,"column":20},"end":{"line":219,"column":43}},"85":{"start":{"line":220,"column":14},"end":{"line":220,"column":97}},"86":{"start":{"line":222,"column":2},"end":{"line":229,"column":4}},"87":{"start":{"line":223,"column":4},"end":{"line":228,"column":7}},"88":{"start":{"line":224,"column":6},"end":{"line":227,"column":7}},"89":{"start":{"line":225,"column":8},"end":{"line":225,"column":35}},"90":{"start":{"line":226,"column":8},"end":{"line":226,"column":15}},"91":{"start":{"line":231,"column":2},"end":{"line":231,"column":54}},"92":{"start":{"line":234,"column":0},"end":{"line":239,"column":3}},"93":{"start":{"line":236,"column":2},"end":{"line":238,"column":3}},"94":{"start":{"line":237,"column":4},"end":{"line":237,"column":54}},"95":{"start":{"line":241,"column":0},"end":{"line":246,"column":3}},"96":{"start":{"line":243,"column":2},"end":{"line":245,"column":3}},"97":{"start":{"line":244,"column":4},"end":{"line":244,"column":54}},"98":{"start":{"line":249,"column":0},"end":{"line":249,"column":21}},"99":{"start":{"line":250,"column":0},"end":{"line":250,"column":21}},"100":{"start":{"line":252,"column":15},"end":{"line":255,"column":2}},"101":{"start":{"line":254,"column":2},"end":{"line":254,"column":76}},"102":{"start":{"line":257,"column":0},"end":{"line":260,"column":3}},"103":{"start":{"line":259,"column":2},"end":{"line":259,"column":46}}},"fnMap":{"0":{"name":"generateRSAKeyPair","decl":{"start":{"line":15,"column":9},"end":{"line":15,"column":27}},"loc":{"start":{"line":15,"column":30},"end":{"line":40,"column":1}},"line":15},"1":{"name":"(anonymous_1)","decl":{"start":{"line":34,"column":47},"end":{"line":34,"column":48}},"loc":{"start":{"line":34,"column":64},"end":{"line":39,"column":3}},"line":34},"2":{"name":"generateExpiredKey","decl":{"start":{"line":42,"column":9},"end":{"line":42,"column":27}},"loc":{"start":{"line":42,"column":30},"end":{"line":68,"column":1}},"line":42},"3":{"name":"(anonymous_3)","decl":{"start":{"line":61,"column":48},"end":{"line":61,"column":49}},"loc":{"start":{"line":61,"column":65},"end":{"line":67,"column":3}},"line":61},"4":{"name":"getActiveKey","decl":{"start":{"line":70,"column":22},"end":{"line":70,"column":34}},"loc":{"start":{"line":70,"column":37},"end":{"line":82,"column":1}},"line":70},"5":{"name":"(anonymous_5)","decl":{"start":{"line":73,"column":21},"end":{"line":73,"column":22}},"loc":{"start":{"line":73,"column":42},"end":{"line":81,"column":3}},"line":73},"6":{"name":"(anonymous_6)","decl":{"start":{"line":74,"column":31},"end":{"line":74,"column":32}},"loc":{"start":{"line":74,"column":47},"end":{"line":80,"column":5}},"line":74},"7":{"name":"getExpiredKey","decl":{"start":{"line":84,"column":22},"end":{"line":84,"column":35}},"loc":{"start":{"line":84,"column":38},"end":{"line":96,"column":1}},"line":84},"8":{"name":"(anonymous_8)","decl":{"start":{"line":87,"column":21},"end":{"line":87,"column":22}},"loc":{"start":{"line":87,"column":42},"end":{"line":95,"column":3}},"line":87},"9":{"name":"(anonymous_9)","decl":{"start":{"line":88,"column":31},"end":{"line":88,"column":32}},"loc":{"start":{"line":88,"column":47},"end":{"line":94,"column":5}},"line":88},"10":{"name":"getUserId","decl":{"start":{"line":98,"column":22},"end":{"line":98,"column":31}},"loc":{"start":{"line":98,"column":42},"end":{"line":112,"column":1}},"line":98},"11":{"name":"(anonymous_11)","decl":{"start":{"line":99,"column":22},"end":{"line":99,"column":23}},"loc":{"start":{"line":99,"column":43},"end":{"line":111,"column":3}},"line":99},"12":{"name":"(anonymous_12)","decl":{"start":{"line":100,"column":66},"end":{"line":100,"column":67}},"loc":{"start":{"line":100,"column":82},"end":{"line":110,"column":5}},"line":100},"13":{"name":"(anonymous_13)","decl":{"start":{"line":114,"column":34},"end":{"line":114,"column":35}},"loc":{"start":{"line":114,"column":48},"end":{"line":138,"column":1}},"line":114},"14":{"name":"(anonymous_14)","decl":{"start":{"line":118,"column":29},"end":{"line":118,"column":30}},"loc":{"start":{"line":118,"column":46},"end":{"line":137,"column":3}},"line":118},"15":{"name":"(anonymous_15)","decl":{"start":{"line":122,"column":26},"end":{"line":122,"column":27}},"loc":{"start":{"line":122,"column":35},"end":{"line":134,"column":5}},"line":122},"16":{"name":"(anonymous_16)","decl":{"start":{"line":140,"column":18},"end":{"line":140,"column":19}},"loc":{"start":{"line":140,"column":38},"end":{"line":209,"column":1}},"line":140},"17":{"name":"(anonymous_17)","decl":{"start":{"line":155,"column":40},"end":{"line":155,"column":41}},"loc":{"start":{"line":155,"column":56},"end":{"line":159,"column":3}},"line":155},"18":{"name":"(anonymous_18)","decl":{"start":{"line":211,"column":22},"end":{"line":211,"column":23}},"loc":{"start":{"line":211,"column":42},"end":{"line":232,"column":1}},"line":211},"19":{"name":"(anonymous_19)","decl":{"start":{"line":222,"column":15},"end":{"line":222,"column":16}},"loc":{"start":{"line":222,"column":21},"end":{"line":229,"column":3}},"line":222},"20":{"name":"(anonymous_20)","decl":{"start":{"line":223,"column":52},"end":{"line":223,"column":53}},"loc":{"start":{"line":223,"column":68},"end":{"line":228,"column":5}},"line":223},"21":{"name":"(anonymous_21)","decl":{"start":{"line":234,"column":17},"end":{"line":234,"column":18}},"loc":{"start":{"line":234,"column":31},"end":{"line":239,"column":1}},"line":234},"22":{"name":"(anonymous_22)","decl":{"start":{"line":241,"column":34},"end":{"line":241,"column":35}},"loc":{"start":{"line":241,"column":48},"end":{"line":246,"column":1}},"line":241},"23":{"name":"(anonymous_23)","decl":{"start":{"line":252,"column":32},"end":{"line":252,"column":33}},"loc":{"start":{"line":252,"column":38},"end":{"line":255,"column":1}},"line":252},"24":{"name":"(anonymous_24)","decl":{"start":{"line":257,"column":19},"end":{"line":257,"column":20}},"loc":{"start":{"line":257,"column":30},"end":{"line":260,"column":1}},"line":257}},"branchMap":{"0":{"loc":{"start":{"line":35,"column":4},"end":{"line":38,"column":5}},"type":"if","locations":[{"start":{"line":35,"column":4},"end":{"line":38,"column":5}},{"start":{},"end":{}}],"line":35},"1":{"loc":{"start":{"line":63,"column":4},"end":{"line":66,"column":5}},"type":"if","locations":[{"start":{"line":63,"column":4},"end":{"line":66,"column":5}},{"start":{},"end":{}}],"line":63},"2":{"loc":{"start":{"line":75,"column":6},"end":{"line":78,"column":7}},"type":"if","locations":[{"start":{"line":75,"column":6},"end":{"line":78,"column":7}},{"start":{},"end":{}}],"line":75},"3":{"loc":{"start":{"line":89,"column":6},"end":{"line":92,"column":7}},"type":"if","locations":[{"start":{"line":89,"column":6},"end":{"line":92,"column":7}},{"start":{},"end":{}}],"line":89},"4":{"loc":{"start":{"line":101,"column":6},"end":{"line":104,"column":7}},"type":"if","locations":[{"start":{"line":101,"column":6},"end":{"line":104,"column":7}},{"start":{},"end":{}}],"line":101},"5":{"loc":{"start":{"line":105,"column":6},"end":{"line":109,"column":7}},"type":"if","locations":[{"start":{"line":105,"column":6},"end":{"line":109,"column":7}},{"start":{"line":107,"column":13},"end":{"line":109,"column":7}}],"line":105},"6":{"loc":{"start":{"line":119,"column":4},"end":{"line":121,"column":5}},"type":"if","locations":[{"start":{"line":119,"column":4},"end":{"line":121,"column":5}},{"start":{},"end":{}}],"line":119},"7":{"loc":{"start":{"line":148,"column":2},"end":{"line":150,"column":3}},"type":"if","locations":[{"start":{"line":148,"column":2},"end":{"line":150,"column":3}},{"start":{},"end":{}}],"line":148},"8":{"loc":{"start":{"line":156,"column":5},"end":{"line":158,"column":3}},"type":"if","locations":[{"start":{"line":156,"column":5},"end":{"line":158,"column":3}},{"start":{},"end":{}}],"line":156},"9":{"loc":{"start":{"line":163,"column":14},"end":{"line":163,"column":68}},"type":"cond-expr","locations":[{"start":{"line":163,"column":24},"end":{"line":163,"column":45}},{"start":{"line":163,"column":48},"end":{"line":163,"column":68}}],"line":163},"10":{"loc":{"start":{"line":165,"column":2},"end":{"line":167,"column":3}},"type":"if","locations":[{"start":{"line":165,"column":2},"end":{"line":167,"column":3}},{"start":{},"end":{}}],"line":165},"11":{"loc":{"start":{"line":187,"column":9},"end":{"line":189,"column":46}},"type":"cond-expr","locations":[{"start":{"line":188,"column":8},"end":{"line":188,"column":42}},{"start":{"line":189,"column":8},"end":{"line":189,"column":46}}],"line":187},"12":{"loc":{"start":{"line":224,"column":6},"end":{"line":227,"column":7}},"type":"if","locations":[{"start":{"line":224,"column":6},"end":{"line":227,"column":7}},{"start":{},"end":{}}],"line":224},"13":{"loc":{"start":{"line":236,"column":2},"end":{"line":238,"column":3}},"type":"if","locations":[{"start":{"line":236,"column":2},"end":{"line":238,"column":3}},{"start":{},"end":{}}],"line":236},"14":{"loc":{"start":{"line":243,"column":2},"end":{"line":245,"column":3}},"type":"if","locations":[{"start":{"line":243,"column":2},"end":{"line":245,"column":3}},{"start":{},"end":{}}],"line":243}},"s":{"0":1,"1":1,"2":1,"3":1,"4":1,"5":1,"6":1,"7":1,"8":1,"9":1,"10":0,"11":0,"12":1,"13":1,"14":1,"15":1,"16":1,"17":1,"18":0,"19":4,"20":4,"21":4,"22":4,"23":4,"24":0,"25":0,"26":4,"27":3,"28":3,"29":3,"30":3,"31":3,"32":0,"33":0,"34":3,"35":4,"36":4,"37":4,"38":0,"39":0,"40":4,"41":1,"42":3,"43":1,"44":2,"45":2,"46":2,"47":2,"48":0,"49":2,"50":1,"51":1,"52":1,"53":1,"54":2,"55":1,"56":3,"57":3,"58":3,"59":3,"60":3,"61":3,"62":1,"63":2,"64":2,"65":2,"66":0,"67":2,"68":2,"69":2,"70":0,"71":2,"72":2,"73":2,"74":2,"75":2,"76":2,"77":2,"78":2,"79":1,"80":1,"81":1,"82":1,"83":1,"84":1,"85":1,"86":1,"87":1,"88":1,"89":1,"90":1,"91":1,"92":1,"93":1,"94":1,"95":1,"96":1,"97":1,"98":1,"99":1,"100":1,"101":0,"102":1,"103":1},"f":{"0":1,"1":1,"2":1,"3":1,"4":4,"5":4,"6":4,"7":3,"8":3,"9":3,"10":4,"11":4,"12":4,"13":2,"14":2,"15":1,"16":3,"17":2,"18":1,"19":1,"20":1,"21":1,"22":1,"23":0,"24":1},"b":{"0":[0,1],"1":[0,1],"2":[0,4],"3":[0,3],"4":[0,4],"5":[1,3],"6":[0,2],"7":[1,2],"8":[0,2],"9":[1,1],"10":[0,2],"11":[1,1],"12":[1,0],"13":[1,0],"14":[1,0]},"_coverageSchema":"1a1c01bbd47fc00a2c39e90264f33305004495a9","hash":"b1b9e67a9d48ab7bd4a8ec31f54ebb0493efc94b"}
}
