TN:
SF:db.js
FN:4,(anonymous_0)
FN:15,(anonymous_1)
FNF:2
FNH:2
FNDA:1,(anonymous_0)
FNDA:1,(anonymous_1)
DA:2,1
DA:4,1
DA:6,1
DA:7,0
DA:9,1
DA:13,1
DA:15,1
DA:17,1
DA:24,1
DA:34,1
LF:10
LH:9
BRDA:6,0,0,0
BRDA:6,0,1,1
BRF:2
BRH:1
end_of_record
TN:
SF:encryption.js
FN:13,encrypt
FN:25,decrypt
FNF:2
FNH:2
FNDA:2,encrypt
FNDA:3,decrypt
DA:5,1
DA:7,1
DA:9,1
DA:11,1
DA:14,2
DA:16,2
DA:17,2
DA:18,2
DA:20,2
DA:21,2
DA:26,3
DA:27,3
DA:29,3
DA:31,3
DA:32,3
DA:33,3
LF:16
LH:16
BRF:0
BRH:0
end_of_record
TN:
SF:server.js
FN:15,generateRSAKeyPair
FN:34,(anonymous_1)
FN:42,generateExpiredKey
FN:61,(anonymous_3)
FN:70,getActiveKey
FN:73,(anonymous_5)
FN:74,(anonymous_6)
FN:84,getExpiredKey
FN:87,(anonymous_8)
FN:88,(anonymous_9)
FN:98,getUserId
FN:99,(anonymous_11)
FN:100,(anonymous_12)
FN:114,(anonymous_13)
FN:118,(anonymous_14)
FN:122,(anonymous_15)
FN:140,(anonymous_16)
FN:155,(anonymous_17)
FN:211,(anonymous_18)
FN:222,(anonymous_19)
FN:223,(anonymous_20)
FN:234,(anonymous_21)
FN:241,(anonymous_22)
FN:252,(anonymous_23)
FN:257,(anonymous_24)
FNF:25
FNH:24
FNDA:1,generateRSAKeyPair
FNDA:1,(anonymous_1)
FNDA:1,generateExpiredKey
FNDA:1,(anonymous_3)
FNDA:4,getActiveKey
FNDA:4,(anonymous_5)
FNDA:4,(anonymous_6)
FNDA:3,getExpiredKey
FNDA:3,(anonymous_8)
FNDA:3,(anonymous_9)
FNDA:4,getUserId
FNDA:4,(anonymous_11)
FNDA:4,(anonymous_12)
FNDA:2,(anonymous_13)
FNDA:2,(anonymous_14)
FNDA:1,(anonymous_15)
FNDA:3,(anonymous_16)
FNDA:2,(anonymous_17)
FNDA:1,(anonymous_18)
FNDA:1,(anonymous_19)
FNDA:1,(anonymous_20)
FNDA:1,(anonymous_21)
FNDA:1,(anonymous_22)
FNDA:0,(anonymous_23)
FNDA:1,(anonymous_24)
DA:10,1
DA:11,1
DA:12,1
DA:13,1
DA:17,1
DA:29,1
DA:30,1
DA:32,1
DA:34,1
DA:35,1
DA:36,0
DA:37,0
DA:44,1
DA:56,1
DA:58,1
DA:59,1
DA:61,1
DA:63,1
DA:65,0
DA:71,4
DA:72,4
DA:73,4
DA:74,4
DA:75,4
DA:76,0
DA:77,0
DA:79,4
DA:85,3
DA:86,3
DA:87,3
DA:88,3
DA:89,3
DA:90,0
DA:91,0
DA:93,3
DA:99,4
DA:100,4
DA:101,4
DA:102,0
DA:103,0
DA:105,4
DA:106,1
DA:108,3
DA:114,1
DA:116,2
DA:117,2
DA:118,2
DA:119,2
DA:120,0
DA:122,2
DA:123,1
DA:124,1
DA:125,1
DA:127,1
DA:136,2
DA:140,1
DA:142,3
DA:143,3
DA:144,3
DA:145,3
DA:146,3
DA:148,3
DA:149,1
DA:152,2
DA:155,2
DA:156,2
DA:157,0
DA:161,2
DA:163,2
DA:165,2
DA:166,0
DA:168,2
DA:169,2
DA:174,2
DA:175,2
DA:176,2
DA:186,2
DA:194,2
DA:205,2
DA:211,1
DA:212,1
DA:216,1
DA:217,1
DA:218,1
DA:219,1
DA:220,1
DA:222,1
DA:223,1
DA:224,1
DA:225,1
DA:226,1
DA:231,1
DA:234,1
DA:236,1
DA:237,1
DA:241,1
DA:243,1
DA:244,1
DA:249,1
DA:250,1
DA:252,1
DA:254,0
DA:257,1
DA:259,1
LF:104
LH:91
BRDA:35,0,0,0
BRDA:35,0,1,1
BRDA:63,1,0,0
BRDA:63,1,1,1
BRDA:75,2,0,0
BRDA:75,2,1,4
BRDA:89,3,0,0
BRDA:89,3,1,3
BRDA:101,4,0,0
BRDA:101,4,1,4
BRDA:105,5,0,1
BRDA:105,5,1,3
BRDA:119,6,0,0
BRDA:119,6,1,2
BRDA:148,7,0,1
BRDA:148,7,1,2
BRDA:156,8,0,0
BRDA:156,8,1,2
BRDA:163,9,0,1
BRDA:163,9,1,1
BRDA:165,10,0,0
BRDA:165,10,1,2
BRDA:187,11,0,1
BRDA:187,11,1,1
BRDA:224,12,0,1
BRDA:224,12,1,0
BRDA:236,13,0,1
BRDA:236,13,1,0
BRDA:243,14,0,1
BRDA:243,14,1,0
BRF:30
BRH:19
end_of_record
